#! /opt/homebrew/Cellar/icarus-verilog/12.0/bin/vvp
:ivl_version "12.0 (stable)";
:ivl_delay_selection "TYPICAL";
:vpi_time_precision + 0;
:vpi_module "/opt/homebrew/Cellar/icarus-verilog/12.0/lib/ivl/system.vpi";
:vpi_module "/opt/homebrew/Cellar/icarus-verilog/12.0/lib/ivl/vhdl_sys.vpi";
:vpi_module "/opt/homebrew/Cellar/icarus-verilog/12.0/lib/ivl/vhdl_textio.vpi";
:vpi_module "/opt/homebrew/Cellar/icarus-verilog/12.0/lib/ivl/v2005_math.vpi";
:vpi_module "/opt/homebrew/Cellar/icarus-verilog/12.0/lib/ivl/va_math.vpi";
:vpi_module "/opt/homebrew/Cellar/icarus-verilog/12.0/lib/ivl/v2009.vpi";
S_0x132e04900 .scope package, "$unit" "$unit" 2 1;
 .timescale 0 0;
S_0x132e04a70 .scope module, "wave_period_calculator" "wave_period_calculator" 3 1;
 .timescale 0 0;
    .port_info 0 /INPUT 1 "clk";
    .port_info 1 /INPUT 1 "rst";
    .port_info 2 /INPUT 1 "key1";
    .port_info 3 /INPUT 1 "key2";
    .port_info 4 /INPUT 1 "key3";
    .port_info 5 /INPUT 1 "key4";
    .port_info 6 /INPUT 1 "key5";
    .port_info 7 /INPUT 1 "key6";
    .port_info 8 /INPUT 1 "key7";
    .port_info 9 /INPUT 1 "key8";
    .port_info 10 /INPUT 1 "key9";
    .port_info 11 /INPUT 1 "key10";
    .port_info 12 /INPUT 1 "key11";
    .port_info 13 /INPUT 1 "key12";
    .port_info 14 /OUTPUT 8 "halfPeriod";
P_0x132e06550 .param/l "HalfPeriod1" 1 3 30, +C4<00000000000000000000000001011100>;
P_0x132e06590 .param/l "HalfPeriod10" 1 3 39, +C4<00000000000000000000000000110111>;
P_0x132e065d0 .param/l "HalfPeriod11" 1 3 40, +C4<00000000000000000000000000110011>;
P_0x132e06610 .param/l "HalfPeriod12" 1 3 41, +C4<00000000000000000000000000110001>;
P_0x132e06650 .param/l "HalfPeriod2" 1 3 31, +C4<00000000000000000000000001010111>;
P_0x132e06690 .param/l "HalfPeriod3" 1 3 32, +C4<00000000000000000000000001010010>;
P_0x132e066d0 .param/l "HalfPeriod4" 1 3 33, +C4<00000000000000000000000001001101>;
P_0x132e06710 .param/l "HalfPeriod5" 1 3 34, +C4<00000000000000000000000001001001>;
P_0x132e06750 .param/l "HalfPeriod6" 1 3 35, +C4<00000000000000000000000001000101>;
P_0x132e06790 .param/l "HalfPeriod7" 1 3 36, +C4<00000000000000000000000001000001>;
P_0x132e067d0 .param/l "HalfPeriod8" 1 3 37, +C4<00000000000000000000000000111101>;
P_0x132e06810 .param/l "HalfPeriod9" 1 3 38, +C4<00000000000000000000000000111010>;
o0x138028010 .functor BUFZ 1, C4<z>; HiZ drive
v0x6000038d8000_0 .net "clk", 0 0, o0x138028010;  0 drivers
v0x6000038d8090_0 .var "halfPeriod", 7 0;
o0x138028070 .functor BUFZ 1, C4<z>; HiZ drive
v0x6000038d8120_0 .net "key1", 0 0, o0x138028070;  0 drivers
o0x1380280a0 .functor BUFZ 1, C4<z>; HiZ drive
v0x6000038d81b0_0 .net "key10", 0 0, o0x1380280a0;  0 drivers
o0x1380280d0 .functor BUFZ 1, C4<z>; HiZ drive
v0x6000038d8240_0 .net "key11", 0 0, o0x1380280d0;  0 drivers
o0x138028100 .functor BUFZ 1, C4<z>; HiZ drive
v0x6000038d82d0_0 .net "key12", 0 0, o0x138028100;  0 drivers
o0x138028130 .functor BUFZ 1, C4<z>; HiZ drive
v0x6000038d8360_0 .net "key2", 0 0, o0x138028130;  0 drivers
o0x138028160 .functor BUFZ 1, C4<z>; HiZ drive
v0x6000038d83f0_0 .net "key3", 0 0, o0x138028160;  0 drivers
o0x138028190 .functor BUFZ 1, C4<z>; HiZ drive
v0x6000038d8480_0 .net "key4", 0 0, o0x138028190;  0 drivers
o0x1380281c0 .functor BUFZ 1, C4<z>; HiZ drive
v0x6000038d8510_0 .net "key5", 0 0, o0x1380281c0;  0 drivers
o0x1380281f0 .functor BUFZ 1, C4<z>; HiZ drive
v0x6000038d85a0_0 .net "key6", 0 0, o0x1380281f0;  0 drivers
o0x138028220 .functor BUFZ 1, C4<z>; HiZ drive
v0x6000038d8630_0 .net "key7", 0 0, o0x138028220;  0 drivers
o0x138028250 .functor BUFZ 1, C4<z>; HiZ drive
v0x6000038d86c0_0 .net "key8", 0 0, o0x138028250;  0 drivers
o0x138028280 .functor BUFZ 1, C4<z>; HiZ drive
v0x6000038d8750_0 .net "key9", 0 0, o0x138028280;  0 drivers
v0x6000038d87e0_0 .var "nextHalfPeriod", 7 0;
o0x1380282e0 .functor BUFZ 1, C4<z>; HiZ drive
v0x6000038d8870_0 .net "rst", 0 0, o0x1380282e0;  0 drivers
E_0x600001fd9c40/0 .event anyedge, v0x6000038d8120_0, v0x6000038d8360_0, v0x6000038d83f0_0, v0x6000038d8480_0;
E_0x600001fd9c40/1 .event anyedge, v0x6000038d8510_0, v0x6000038d85a0_0, v0x6000038d8630_0, v0x6000038d86c0_0;
E_0x600001fd9c40/2 .event anyedge, v0x6000038d8750_0, v0x6000038d81b0_0, v0x6000038d8240_0, v0x6000038d82d0_0;
E_0x600001fd9c40 .event/or E_0x600001fd9c40/0, E_0x600001fd9c40/1, E_0x600001fd9c40/2;
    .scope S_0x132e04a70;
T_0 ;
Ewait_0 .event/or E_0x600001fd9c40, E_0x0;
    %wait Ewait_0;
    %pushi/vec4 0, 0, 8;
    %store/vec4 v0x6000038d87e0_0, 0, 8;
    %load/vec4 v0x6000038d8120_0;
    %flag_set/vec4 8;
    %jmp/0xz  T_0.0, 8;
    %pushi/vec4 92, 0, 8;
    %store/vec4 v0x6000038d87e0_0, 0, 8;
    %jmp T_0.1;
T_0.0 ;
    %load/vec4 v0x6000038d8360_0;
    %flag_set/vec4 8;
    %jmp/0xz  T_0.2, 8;
    %pushi/vec4 87, 0, 8;
    %store/vec4 v0x6000038d87e0_0, 0, 8;
    %jmp T_0.3;
T_0.2 ;
    %load/vec4 v0x6000038d83f0_0;
    %flag_set/vec4 8;
    %jmp/0xz  T_0.4, 8;
    %pushi/vec4 82, 0, 8;
    %store/vec4 v0x6000038d87e0_0, 0, 8;
    %jmp T_0.5;
T_0.4 ;
    %load/vec4 v0x6000038d8480_0;
    %flag_set/vec4 8;
    %jmp/0xz  T_0.6, 8;
    %pushi/vec4 77, 0, 8;
    %store/vec4 v0x6000038d87e0_0, 0, 8;
    %jmp T_0.7;
T_0.6 ;
    %load/vec4 v0x6000038d8510_0;
    %flag_set/vec4 8;
    %jmp/0xz  T_0.8, 8;
    %pushi/vec4 73, 0, 8;
    %store/vec4 v0x6000038d87e0_0, 0, 8;
    %jmp T_0.9;
T_0.8 ;
    %load/vec4 v0x6000038d85a0_0;
    %flag_set/vec4 8;
    %jmp/0xz  T_0.10, 8;
    %pushi/vec4 69, 0, 8;
    %store/vec4 v0x6000038d87e0_0, 0, 8;
    %jmp T_0.11;
T_0.10 ;
    %load/vec4 v0x6000038d8630_0;
    %flag_set/vec4 8;
    %jmp/0xz  T_0.12, 8;
    %pushi/vec4 65, 0, 8;
    %store/vec4 v0x6000038d87e0_0, 0, 8;
    %jmp T_0.13;
T_0.12 ;
    %load/vec4 v0x6000038d86c0_0;
    %flag_set/vec4 8;
    %jmp/0xz  T_0.14, 8;
    %pushi/vec4 61, 0, 8;
    %store/vec4 v0x6000038d87e0_0, 0, 8;
    %jmp T_0.15;
T_0.14 ;
    %load/vec4 v0x6000038d8750_0;
    %flag_set/vec4 8;
    %jmp/0xz  T_0.16, 8;
    %pushi/vec4 58, 0, 8;
    %store/vec4 v0x6000038d87e0_0, 0, 8;
    %jmp T_0.17;
T_0.16 ;
    %load/vec4 v0x6000038d81b0_0;
    %flag_set/vec4 8;
    %jmp/0xz  T_0.18, 8;
    %pushi/vec4 55, 0, 8;
    %store/vec4 v0x6000038d87e0_0, 0, 8;
    %jmp T_0.19;
T_0.18 ;
    %load/vec4 v0x6000038d8240_0;
    %flag_set/vec4 8;
    %jmp/0xz  T_0.20, 8;
    %pushi/vec4 51, 0, 8;
    %store/vec4 v0x6000038d87e0_0, 0, 8;
    %jmp T_0.21;
T_0.20 ;
    %load/vec4 v0x6000038d82d0_0;
    %flag_set/vec4 8;
    %jmp/0xz  T_0.22, 8;
    %pushi/vec4 49, 0, 8;
    %store/vec4 v0x6000038d87e0_0, 0, 8;
    %jmp T_0.23;
T_0.22 ;
    %pushi/vec4 0, 0, 8;
    %store/vec4 v0x6000038d87e0_0, 0, 8;
T_0.23 ;
T_0.21 ;
T_0.19 ;
T_0.17 ;
T_0.15 ;
T_0.13 ;
T_0.11 ;
T_0.9 ;
T_0.7 ;
T_0.5 ;
T_0.3 ;
T_0.1 ;
    %load/vec4 v0x6000038d87e0_0;
    %store/vec4 v0x6000038d8090_0, 0, 8;
    %jmp T_0;
    .thread T_0, $push;
# The file index is used to find the file name in the following table.
:file_names 4;
    "N/A";
    "<interactive>";
    "-";
    "wave_period_selector.sv";
